2016-03-17 11:28:18 2624 InnoDB: Warning: Using innodb_additional_mem_pool_size is DEPRECATED. This option may be removed in future releases, together with the option innodb_use_sys_malloc and with the InnoDB's internal memory allocator.
2016-03-17 11:28:18 9764 [Note] InnoDB: Using mutexes to ref count buffer pool pages
2016-03-17 11:28:18 9764 [Note] InnoDB: The InnoDB memory heap is disabled
2016-03-17 11:28:18 9764 [Note] InnoDB: Mutexes and rw_locks use Windows interlocked functions
2016-03-17 11:28:18 9764 [Note] InnoDB: Memory barrier is not used
2016-03-17 11:28:18 9764 [Note] InnoDB: Compressed tables use zlib 1.2.3
2016-03-17 11:28:18 9764 [Note] InnoDB: Using generic crc32 instructions
2016-03-17 11:28:18 9764 [Note] InnoDB: Initializing buffer pool, size = 16.0M
2016-03-17 11:28:18 9764 [Note] InnoDB: Completed initialization of buffer pool
2016-03-17 11:28:18 9764 [Note] InnoDB: Highest supported file format is Barracuda.
2016-03-17 11:28:18 2624  InnoDB: Operating system error number 2 in a file operation.
InnoDB: Some operating system error numbers are described at
InnoDB: http://dev.mysql.com/doc/refman/5.6/en/operating-system-error-codes.html
2016-03-17 11:28:18 9764 [ERROR] InnoDB: Could not find a valid tablespace file for 'linksdb/the_links'. See http://dev.mysql.com/doc/refman/5.6/en/innodb-troubleshooting-datadict.html for how to resolve the issue.
2016-03-17 11:28:18 9764 [ERROR] InnoDB: Tablespace open failed for '"linksdb"."the_links"', ignored.
2016-03-17 11:28:18 2624  InnoDB: Operating system error number 3 in a file operation.
InnoDB: The error means the system cannot find the path specified.
InnoDB: If you are installing InnoDB, remember that you must create
InnoDB: directories yourself, InnoDB does not create them.
2016-03-17 11:28:18 9764 [ERROR] InnoDB: Could not find a valid tablespace file for 'mysql/gtid_slave_pos'. See http://dev.mysql.com/doc/refman/5.6/en/innodb-troubleshooting-datadict.html for how to resolve the issue.
2016-03-17 11:28:18 9764 [ERROR] InnoDB: Tablespace open failed for '"mysql"."gtid_slave_pos"', ignored.
2016-03-17 11:28:18 2624  InnoDB: Operating system error number 3 in a file operation.
InnoDB: The error means the system cannot find the path specified.
InnoDB: If you are installing InnoDB, remember that you must create
InnoDB: directories yourself, InnoDB does not create them.
2016-03-17 11:28:18 9764 [ERROR] InnoDB: Could not find a valid tablespace file for 'mysql/innodb_index_stats'. See http://dev.mysql.com/doc/refman/5.6/en/innodb-troubleshooting-datadict.html for how to resolve the issue.
2016-03-17 11:28:18 9764 [ERROR] InnoDB: Tablespace open failed for '"mysql"."innodb_index_stats"', ignored.
2016-03-17 11:28:18 2624  InnoDB: Operating system error number 3 in a file operation.
InnoDB: The error means the system cannot find the path specified.
InnoDB: If you are installing InnoDB, remember that you must create
InnoDB: directories yourself, InnoDB does not create them.
2016-03-17 11:28:18 9764 [ERROR] InnoDB: Could not find a valid tablespace file for 'mysql/innodb_table_stats'. See http://dev.mysql.com/doc/refman/5.6/en/innodb-troubleshooting-datadict.html for how to resolve the issue.
2016-03-17 11:28:18 9764 [ERROR] InnoDB: Tablespace open failed for '"mysql"."innodb_table_stats"', ignored.
2016-03-17 11:28:18 2624  InnoDB: Operating system error number 3 in a file operation.
InnoDB: The error means the system cannot find the path specified.
InnoDB: If you are installing InnoDB, remember that you must create
InnoDB: directories yourself, InnoDB does not create them.
2016-03-17 11:28:18 9764 [ERROR] InnoDB: Could not find a valid tablespace file for 'mysql/slave_master_info'. See http://dev.mysql.com/doc/refman/5.6/en/innodb-troubleshooting-datadict.html for how to resolve the issue.
2016-03-17 11:28:18 9764 [ERROR] InnoDB: Tablespace open failed for '"mysql"."slave_master_info"', ignored.
2016-03-17 11:28:18 2624  InnoDB: Operating system error number 3 in a file operation.
InnoDB: The error means the system cannot find the path specified.
InnoDB: If you are installing InnoDB, remember that you must create
InnoDB: directories yourself, InnoDB does not create them.
2016-03-17 11:28:18 9764 [ERROR] InnoDB: Could not find a valid tablespace file for 'mysql/slave_relay_log_info'. See http://dev.mysql.com/doc/refman/5.6/en/innodb-troubleshooting-datadict.html for how to resolve the issue.
2016-03-17 11:28:18 9764 [ERROR] InnoDB: Tablespace open failed for '"mysql"."slave_relay_log_info"', ignored.
2016-03-17 11:28:18 2624  InnoDB: Operating system error number 3 in a file operation.
InnoDB: The error means the system cannot find the path specified.
InnoDB: If you are installing InnoDB, remember that you must create
InnoDB: directories yourself, InnoDB does not create them.
2016-03-17 11:28:18 9764 [ERROR] InnoDB: Could not find a valid tablespace file for 'mysql/slave_worker_info'. See http://dev.mysql.com/doc/refman/5.6/en/innodb-troubleshooting-datadict.html for how to resolve the issue.
2016-03-17 11:28:18 9764 [ERROR] InnoDB: Tablespace open failed for '"mysql"."slave_worker_info"', ignored.
2016-03-17 11:28:18 2624  InnoDB: Operating system error number 3 in a file operation.
InnoDB: The error means the system cannot find the path specified.
InnoDB: If you are installing InnoDB, remember that you must create
InnoDB: directories yourself, InnoDB does not create them.
2016-03-17 11:28:18 9764 [ERROR] InnoDB: Could not find a valid tablespace file for 'phpmyadmin/pma__bookmark'. See http://dev.mysql.com/doc/refman/5.6/en/innodb-troubleshooting-datadict.html for how to resolve the issue.
2016-03-17 11:28:18 9764 [ERROR] InnoDB: Tablespace open failed for '"phpmyadmin"."pma__bookmark"', ignored.
2016-03-17 11:28:18 2624  InnoDB: Operating system error number 3 in a file operation.
InnoDB: The error means the system cannot find the path specified.
InnoDB: If you are installing InnoDB, remember that you must create
InnoDB: directories yourself, InnoDB does not create them.
2016-03-17 11:28:18 9764 [ERROR] InnoDB: Could not find a valid tablespace file for 'phpmyadmin/pma__central_columns'. See http://dev.mysql.com/doc/refman/5.6/en/innodb-troubleshooting-datadict.html for how to resolve the issue.
2016-03-17 11:28:18 9764 [ERROR] InnoDB: Tablespace open failed for '"phpmyadmin"."pma__central_columns"', ignored.
2016-03-17 11:28:18 2624  InnoDB: Operating system error number 3 in a file operation.
InnoDB: The error means the system cannot find the path specified.
InnoDB: If you are installing InnoDB, remember that you must create
InnoDB: directories yourself, InnoDB does not create them.
2016-03-17 11:28:18 9764 [ERROR] InnoDB: Could not find a valid tablespace file for 'phpmyadmin/pma__column_info'. See http://dev.mysql.com/doc/refman/5.6/en/innodb-troubleshooting-datadict.html for how to resolve the issue.
2016-03-17 11:28:18 9764 [ERROR] InnoDB: Tablespace open failed for '"phpmyadmin"."pma__column_info"', ignored.
2016-03-17 11:28:18 2624  InnoDB: Operating system error number 3 in a file operation.
InnoDB: The error means the system cannot find the path specified.
InnoDB: If you are installing InnoDB, remember that you must create
InnoDB: directories yourself, InnoDB does not create them.
2016-03-17 11:28:18 9764 [ERROR] InnoDB: Could not find a valid tablespace file for 'phpmyadmin/pma__designer_settings'. See http://dev.mysql.com/doc/refman/5.6/en/innodb-troubleshooting-datadict.html for how to resolve the issue.
2016-03-17 11:28:18 9764 [ERROR] InnoDB: Tablespace open failed for '"phpmyadmin"."pma__designer_settings"', ignored.
2016-03-17 11:28:18 2624  InnoDB: Operating system error number 3 in a file operation.
InnoDB: The error means the system cannot find the path specified.
InnoDB: If you are installing InnoDB, remember that you must create
InnoDB: directories yourself, InnoDB does not create them.
2016-03-17 11:28:18 9764 [ERROR] InnoDB: Could not find a valid tablespace file for 'phpmyadmin/pma__export_templates'. See http://dev.mysql.com/doc/refman/5.6/en/innodb-troubleshooting-datadict.html for how to resolve the issue.
2016-03-17 11:28:18 9764 [ERROR] InnoDB: Tablespace open failed for '"phpmyadmin"."pma__export_templates"', ignored.
2016-03-17 11:28:18 2624  InnoDB: Operating system error number 3 in a file operation.
InnoDB: The error means the system cannot find the path specified.
InnoDB: If you are installing InnoDB, remember that you must create
InnoDB: directories yourself, InnoDB does not create them.
2016-03-17 11:28:18 9764 [ERROR] InnoDB: Could not find a valid tablespace file for 'phpmyadmin/pma__favorite'. See http://dev.mysql.com/doc/refman/5.6/en/innodb-troubleshooting-datadict.html for how to resolve the issue.
2016-03-17 11:28:19 9764 [ERROR] InnoDB: Tablespace open failed for '"phpmyadmin"."pma__favorite"', ignored.
2016-03-17 11:28:19 2624  InnoDB: Operating system error number 3 in a file operation.
InnoDB: The error means the system cannot find the path specified.
InnoDB: If you are installing InnoDB, remember that you must create
InnoDB: directories yourself, InnoDB does not create them.
2016-03-17 11:28:19 9764 [ERROR] InnoDB: Could not find a valid tablespace file for 'phpmyadmin/pma__history'. See http://dev.mysql.com/doc/refman/5.6/en/innodb-troubleshooting-datadict.html for how to resolve the issue.
2016-03-17 11:28:19 9764 [ERROR] InnoDB: Tablespace open failed for '"phpmyadmin"."pma__history"', ignored.
2016-03-17 11:28:19 2624  InnoDB: Operating system error number 3 in a file operation.
InnoDB: The error means the system cannot find the path specified.
InnoDB: If you are installing InnoDB, remember that you must create
InnoDB: directories yourself, InnoDB does not create them.
2016-03-17 11:28:19 9764 [ERROR] InnoDB: Could not find a valid tablespace file for 'phpmyadmin/pma__navigationhiding'. See http://dev.mysql.com/doc/refman/5.6/en/innodb-troubleshooting-datadict.html for how to resolve the issue.
2016-03-17 11:28:19 9764 [ERROR] InnoDB: Tablespace open failed for '"phpmyadmin"."pma__navigationhiding"', ignored.
2016-03-17 11:28:19 2624  InnoDB: Operating system error number 3 in a file operation.
InnoDB: The error means the system cannot find the path specified.
InnoDB: If you are installing InnoDB, remember that you must create
InnoDB: directories yourself, InnoDB does not create them.
2016-03-17 11:28:19 9764 [ERROR] InnoDB: Could not find a valid tablespace file for 'phpmyadmin/pma__pdf_pages'. See http://dev.mysql.com/doc/refman/5.6/en/innodb-troubleshooting-datadict.html for how to resolve the issue.
2016-03-17 11:28:19 9764 [ERROR] InnoDB: Tablespace open failed for '"phpmyadmin"."pma__pdf_pages"', ignored.
2016-03-17 11:28:19 2624  InnoDB: Operating system error number 3 in a file operation.
InnoDB: The error means the system cannot find the path specified.
InnoDB: If you are installing InnoDB, remember that you must create
InnoDB: directories yourself, InnoDB does not create them.
2016-03-17 11:28:19 9764 [ERROR] InnoDB: Could not find a valid tablespace file for 'phpmyadmin/pma__recent'. See http://dev.mysql.com/doc/refman/5.6/en/innodb-troubleshooting-datadict.html for how to resolve the issue.
2016-03-17 11:28:19 9764 [ERROR] InnoDB: Tablespace open failed for '"phpmyadmin"."pma__recent"', ignored.
2016-03-17 11:28:19 2624  InnoDB: Operating system error number 3 in a file operation.
InnoDB: The error means the system cannot find the path specified.
InnoDB: If you are installing InnoDB, remember that you must create
InnoDB: directories yourself, InnoDB does not create them.
2016-03-17 11:28:19 9764 [ERROR] InnoDB: Could not find a valid tablespace file for 'phpmyadmin/pma__relation'. See http://dev.mysql.com/doc/refman/5.6/en/innodb-troubleshooting-datadict.html for how to resolve the issue.
2016-03-17 11:28:19 9764 [ERROR] InnoDB: Tablespace open failed for '"phpmyadmin"."pma__relation"', ignored.
2016-03-17 11:28:19 2624  InnoDB: Operating system error number 3 in a file operation.
InnoDB: The error means the system cannot find the path specified.
InnoDB: If you are installing InnoDB, remember that you must create
InnoDB: directories yourself, InnoDB does not create them.
2016-03-17 11:28:19 9764 [ERROR] InnoDB: Could not find a valid tablespace file for 'phpmyadmin/pma__savedsearches'. See http://dev.mysql.com/doc/refman/5.6/en/innodb-troubleshooting-datadict.html for how to resolve the issue.
2016-03-17 11:28:19 9764 [ERROR] InnoDB: Tablespace open failed for '"phpmyadmin"."pma__savedsearches"', ignored.
2016-03-17 11:28:19 2624  InnoDB: Operating system error number 3 in a file operation.
InnoDB: The error means the system cannot find the path specified.
InnoDB: If you are installing InnoDB, remember that you must create
InnoDB: directories yourself, InnoDB does not create them.
2016-03-17 11:28:19 9764 [ERROR] InnoDB: Could not find a valid tablespace file for 'phpmyadmin/pma__table_coords'. See http://dev.mysql.com/doc/refman/5.6/en/innodb-troubleshooting-datadict.html for how to resolve the issue.
2016-03-17 11:28:19 9764 [ERROR] InnoDB: Tablespace open failed for '"phpmyadmin"."pma__table_coords"', ignored.
2016-03-17 11:28:19 2624  InnoDB: Operating system error number 3 in a file operation.
InnoDB: The error means the system cannot find the path specified.
InnoDB: If you are installing InnoDB, remember that you must create
InnoDB: directories yourself, InnoDB does not create them.
2016-03-17 11:28:19 9764 [ERROR] InnoDB: Could not find a valid tablespace file for 'phpmyadmin/pma__table_info'. See http://dev.mysql.com/doc/refman/5.6/en/innodb-troubleshooting-datadict.html for how to resolve the issue.
2016-03-17 11:28:19 9764 [ERROR] InnoDB: Tablespace open failed for '"phpmyadmin"."pma__table_info"', ignored.
2016-03-17 11:28:19 2624  InnoDB: Operating system error number 3 in a file operation.
InnoDB: The error means the system cannot find the path specified.
InnoDB: If you are installing InnoDB, remember that you must create
InnoDB: directories yourself, InnoDB does not create them.
2016-03-17 11:28:19 9764 [ERROR] InnoDB: Could not find a valid tablespace file for 'phpmyadmin/pma__table_uiprefs'. See http://dev.mysql.com/doc/refman/5.6/en/innodb-troubleshooting-datadict.html for how to resolve the issue.
2016-03-17 11:28:19 9764 [ERROR] InnoDB: Tablespace open failed for '"phpmyadmin"."pma__table_uiprefs"', ignored.
2016-03-17 11:28:19 2624  InnoDB: Operating system error number 3 in a file operation.
InnoDB: The error means the system cannot find the path specified.
InnoDB: If you are installing InnoDB, remember that you must create
InnoDB: directories yourself, InnoDB does not create them.
2016-03-17 11:28:19 9764 [ERROR] InnoDB: Could not find a valid tablespace file for 'phpmyadmin/pma__tracking'. See http://dev.mysql.com/doc/refman/5.6/en/innodb-troubleshooting-datadict.html for how to resolve the issue.
2016-03-17 11:28:19 9764 [ERROR] InnoDB: Tablespace open failed for '"phpmyadmin"."pma__tracking"', ignored.
2016-03-17 11:28:19 2624  InnoDB: Operating system error number 3 in a file operation.
InnoDB: The error means the system cannot find the path specified.
InnoDB: If you are installing InnoDB, remember that you must create
InnoDB: directories yourself, InnoDB does not create them.
2016-03-17 11:28:19 9764 [ERROR] InnoDB: Could not find a valid tablespace file for 'phpmyadmin/pma__userconfig'. See http://dev.mysql.com/doc/refman/5.6/en/innodb-troubleshooting-datadict.html for how to resolve the issue.
2016-03-17 11:28:19 9764 [ERROR] InnoDB: Tablespace open failed for '"phpmyadmin"."pma__userconfig"', ignored.
2016-03-17 11:28:19 2624  InnoDB: Operating system error number 3 in a file operation.
InnoDB: The error means the system cannot find the path specified.
InnoDB: If you are installing InnoDB, remember that you must create
InnoDB: directories yourself, InnoDB does not create them.
2016-03-17 11:28:19 9764 [ERROR] InnoDB: Could not find a valid tablespace file for 'phpmyadmin/pma__usergroups'. See http://dev.mysql.com/doc/refman/5.6/en/innodb-troubleshooting-datadict.html for how to resolve the issue.
2016-03-17 11:28:19 9764 [ERROR] InnoDB: Tablespace open failed for '"phpmyadmin"."pma__usergroups"', ignored.
2016-03-17 11:28:19 2624  InnoDB: Operating system error number 3 in a file operation.
InnoDB: The error means the system cannot find the path specified.
InnoDB: If you are installing InnoDB, remember that you must create
InnoDB: directories yourself, InnoDB does not create them.
2016-03-17 11:28:19 9764 [ERROR] InnoDB: Could not find a valid tablespace file for 'phpmyadmin/pma__users'. See http://dev.mysql.com/doc/refman/5.6/en/innodb-troubleshooting-datadict.html for how to resolve the issue.
2016-03-17 11:28:19 9764 [ERROR] InnoDB: Tablespace open failed for '"phpmyadmin"."pma__users"', ignored.
2016-03-17 11:28:19 9764 [Note] InnoDB: 128 rollback segment(s) are active.
2016-03-17 11:28:19 9764 [Note] InnoDB: Waiting for purge to start
2016-03-17 11:28:19 2636 [ERROR] InnoDB: Failed to find tablespace for table '"mysql"."innodb_index_stats"' in the cache. Attempting to load the tablespace with space id 2.
2016-03-17 11:28:19 a4c  InnoDB: Operating system error number 3 in a file operation.
InnoDB: The error means the system cannot find the path specified.
2016-03-17 11:28:19 2636 [ERROR] InnoDB: Could not find a valid tablespace file for 'mysql/innodb_index_stats'. See http://dev.mysql.com/doc/refman/5.6/en/innodb-troubleshooting-datadict.html for how to resolve the issue.
2016-03-17 11:28:19 2636 [ERROR] InnoDB: Failed to find tablespace for table '"mysql"."innodb_table_stats"' in the cache. Attempting to load the tablespace with space id 1.
2016-03-17 11:28:19 a4c  InnoDB: Operating system error number 3 in a file operation.
InnoDB: The error means the system cannot find the path specified.
2016-03-17 11:28:19 2636 [ERROR] InnoDB: Could not find a valid tablespace file for 'mysql/innodb_table_stats'. See http://dev.mysql.com/doc/refman/5.6/en/innodb-troubleshooting-datadict.html for how to resolve the issue.
2016-03-17 11:28:19 2636 [ERROR] InnoDB: Failed to find tablespace for table '"linksdb"."the_links"' in the cache. Attempting to load the tablespace with space id 35.
2016-03-17 11:28:19 a4c  InnoDB: Operating system error number 2 in a file operation.
InnoDB: Some operating system error numbers are described at
InnoDB: http://dev.mysql.com/doc/refman/5.6/en/operating-system-error-codes.html
2016-03-17 11:28:19 2636 [ERROR] InnoDB: Could not find a valid tablespace file for 'linksdb/the_links'. See http://dev.mysql.com/doc/refman/5.6/en/innodb-troubleshooting-datadict.html for how to resolve the issue.
2016-03-17 11:28:19 9764 [Note] InnoDB:  Percona XtraDB (http://www.percona.com) 5.6.26-76.0 started; log sequence number 1949690
2016-03-17 11:28:19 10568 [Note] InnoDB: Dumping buffer pool(s) not yet started
2016-03-17 11:28:19 9764 [Note] Plugin 'FEEDBACK' is disabled.
2016-03-17 11:28:19 9764 [ERROR] Could not open mysql.plugin table. Some plugins may be not loaded
2016-03-17 11:28:19 9764 [ERROR] Can't open and lock privilege tables: Table 'mysql.servers' doesn't exist
2016-03-17 11:28:19 9764 [Note] Server socket created on IP: '::'.
2016-03-17 11:28:19 9764 [ERROR] Fatal error: Can't open and lock privilege tables: Table 'mysql.user' doesn't exist
2016-03-17 11:28:27 294c InnoDB: Warning: Using innodb_additional_mem_pool_size is DEPRECATED. This option may be removed in future releases, together with the option innodb_use_sys_malloc and with the InnoDB's internal memory allocator.
2016-03-17 11:28:27 10572 [Note] InnoDB: Using mutexes to ref count buffer pool pages
2016-03-17 11:28:27 10572 [Note] InnoDB: The InnoDB memory heap is disabled
2016-03-17 11:28:27 10572 [Note] InnoDB: Mutexes and rw_locks use Windows interlocked functions
2016-03-17 11:28:27 10572 [Note] InnoDB: Memory barrier is not used
2016-03-17 11:28:27 10572 [Note] InnoDB: Compressed tables use zlib 1.2.3
2016-03-17 11:28:27 10572 [Note] InnoDB: Using generic crc32 instructions
2016-03-17 11:28:27 10572 [Note] InnoDB: Initializing buffer pool, size = 16.0M
2016-03-17 11:28:27 10572 [Note] InnoDB: Completed initialization of buffer pool
2016-03-17 11:28:27 10572 [Note] InnoDB: Highest supported file format is Barracuda.
2016-03-17 11:28:27 10572 [Note] InnoDB: The log sequence numbers 1949690 and 1949690 in ibdata files do not match the log sequence number 1949716 in the ib_logfiles!
2016-03-17 11:28:27 10572 [Note] InnoDB: Database was not shutdown normally!
2016-03-17 11:28:27 10572 [Note] InnoDB: Starting crash recovery.
2016-03-17 11:28:27 10572 [Note] InnoDB: Reading tablespace information from the .ibd files...
2016-03-17 11:28:27 10572 [Note] InnoDB: Restoring possible half-written data pages 
2016-03-17 11:28:27 10572 [Note] InnoDB: from the doublewrite buffer...
2016-03-17 11:28:27 10572 [ERROR] InnoDB: Table linksdb/the_links in the InnoDB data dictionary has tablespace id 35, but tablespace with that id or name does not exist. Have you deleted or moved .ibd files? This may also be a table created with CREATE TEMPORARY TABLE whose .ibd and .frm files MySQL automatically removed, but the table still exists in the InnoDB internal data dictionary.
InnoDB: Please refer to
InnoDB: http://dev.mysql.com/doc/refman/5.6/en/innodb-troubleshooting-datadict.html
InnoDB: for how to resolve the issue.
2016-03-17 11:28:27 10572 [ERROR] InnoDB: Table mysql/gtid_slave_pos in the InnoDB data dictionary has tablespace id 10, but tablespace with that id or name does not exist. Have you deleted or moved .ibd files? This may also be a table created with CREATE TEMPORARY TABLE whose .ibd and .frm files MySQL automatically removed, but the table still exists in the InnoDB internal data dictionary.
InnoDB: Please refer to
InnoDB: http://dev.mysql.com/doc/refman/5.6/en/innodb-troubleshooting-datadict.html
InnoDB: for how to resolve the issue.
2016-03-17 11:28:27 10572 [ERROR] InnoDB: Table mysql/innodb_index_stats in the InnoDB data dictionary has tablespace id 2, but tablespace with that id or name does not exist. Have you deleted or moved .ibd files? This may also be a table created with CREATE TEMPORARY TABLE whose .ibd and .frm files MySQL automatically removed, but the table still exists in the InnoDB internal data dictionary.
InnoDB: Please refer to
InnoDB: http://dev.mysql.com/doc/refman/5.6/en/innodb-troubleshooting-datadict.html
InnoDB: for how to resolve the issue.
2016-03-17 11:28:27 10572 [ERROR] InnoDB: Table mysql/innodb_table_stats in the InnoDB data dictionary has tablespace id 1, but tablespace with that id or name does not exist. Have you deleted or moved .ibd files? This may also be a table created with CREATE TEMPORARY TABLE whose .ibd and .frm files MySQL automatically removed, but the table still exists in the InnoDB internal data dictionary.
InnoDB: Please refer to
InnoDB: http://dev.mysql.com/doc/refman/5.6/en/innodb-troubleshooting-datadict.html
InnoDB: for how to resolve the issue.
2016-03-17 11:28:27 10572 [ERROR] InnoDB: Table mysql/slave_master_info in the InnoDB data dictionary has tablespace id 4, but tablespace with that id or name does not exist. Have you deleted or moved .ibd files? This may also be a table created with CREATE TEMPORARY TABLE whose .ibd and .frm files MySQL automatically removed, but the table still exists in the InnoDB internal data dictionary.
InnoDB: Please refer to
InnoDB: http://dev.mysql.com/doc/refman/5.6/en/innodb-troubleshooting-datadict.html
InnoDB: for how to resolve the issue.
2016-03-17 11:28:27 10572 [ERROR] InnoDB: Table mysql/slave_relay_log_info in the InnoDB data dictionary has tablespace id 3, but tablespace with that id or name does not exist. Have you deleted or moved .ibd files? This may also be a table created with CREATE TEMPORARY TABLE whose .ibd and .frm files MySQL automatically removed, but the table still exists in the InnoDB internal data dictionary.
InnoDB: Please refer to
InnoDB: http://dev.mysql.com/doc/refman/5.6/en/innodb-troubleshooting-datadict.html
InnoDB: for how to resolve the issue.
2016-03-17 11:28:27 10572 [ERROR] InnoDB: Table mysql/slave_worker_info in the InnoDB data dictionary has tablespace id 5, but tablespace with that id or name does not exist. Have you deleted or moved .ibd files? This may also be a table created with CREATE TEMPORARY TABLE whose .ibd and .frm files MySQL automatically removed, but the table still exists in the InnoDB internal data dictionary.
InnoDB: Please refer to
InnoDB: http://dev.mysql.com/doc/refman/5.6/en/innodb-troubleshooting-datadict.html
InnoDB: for how to resolve the issue.
2016-03-17 11:28:27 10572 [ERROR] InnoDB: Table phpmyadmin/pma__bookmark in the InnoDB data dictionary has tablespace id 11, but tablespace with that id or name does not exist. Have you deleted or moved .ibd files? This may also be a table created with CREATE TEMPORARY TABLE whose .ibd and .frm files MySQL automatically removed, but the table still exists in the InnoDB internal data dictionary.
InnoDB: Please refer to
InnoDB: http://dev.mysql.com/doc/refman/5.6/en/innodb-troubleshooting-datadict.html
InnoDB: for how to resolve the issue.
2016-03-17 11:28:27 10572 [ERROR] InnoDB: Table phpmyadmin/pma__central_columns in the InnoDB data dictionary has tablespace id 27, but tablespace with that id or name does not exist. Have you deleted or moved .ibd files? This may also be a table created with CREATE TEMPORARY TABLE whose .ibd and .frm files MySQL automatically removed, but the table still exists in the InnoDB internal data dictionary.
InnoDB: Please refer to
InnoDB: http://dev.mysql.com/doc/refman/5.6/en/innodb-troubleshooting-datadict.html
InnoDB: for how to resolve the issue.
2016-03-17 11:28:27 10572 [ERROR] InnoDB: Table phpmyadmin/pma__column_info in the InnoDB data dictionary has tablespace id 12, but tablespace with that id or name does not exist. Have you deleted or moved .ibd files? This may also be a table created with CREATE TEMPORARY TABLE whose .ibd and .frm files MySQL automatically removed, but the table still exists in the InnoDB internal data dictionary.
InnoDB: Please refer to
InnoDB: http://dev.mysql.com/doc/refman/5.6/en/innodb-troubleshooting-datadict.html
InnoDB: for how to resolve the issue.
2016-03-17 11:28:27 10572 [ERROR] InnoDB: Table phpmyadmin/pma__designer_settings in the InnoDB data dictionary has tablespace id 28, but tablespace with that id or name does not exist. Have you deleted or moved .ibd files? This may also be a table created with CREATE TEMPORARY TABLE whose .ibd and .frm files MySQL automatically removed, but the table still exists in the InnoDB internal data dictionary.
InnoDB: Please refer to
InnoDB: http://dev.mysql.com/doc/refman/5.6/en/innodb-troubleshooting-datadict.html
InnoDB: for how to resolve the issue.
2016-03-17 11:28:27 10572 [ERROR] InnoDB: Table phpmyadmin/pma__export_templates in the InnoDB data dictionary has tablespace id 29, but tablespace with that id or name does not exist. Have you deleted or moved .ibd files? This may also be a table created with CREATE TEMPORARY TABLE whose .ibd and .frm files MySQL automatically removed, but the table still exists in the InnoDB internal data dictionary.
InnoDB: Please refer to
InnoDB: http://dev.mysql.com/doc/refman/5.6/en/innodb-troubleshooting-datadict.html
InnoDB: for how to resolve the issue.
2016-03-17 11:28:27 10572 [ERROR] InnoDB: Table phpmyadmin/pma__favorite in the InnoDB data dictionary has tablespace id 16, but tablespace with that id or name does not exist. Have you deleted or moved .ibd files? This may also be a table created with CREATE TEMPORARY TABLE whose .ibd and .frm files MySQL automatically removed, but the table still exists in the InnoDB internal data dictionary.
InnoDB: Please refer to
InnoDB: http://dev.mysql.com/doc/refman/5.6/en/innodb-troubleshooting-datadict.html
InnoDB: for how to resolve the issue.
2016-03-17 11:28:27 10572 [ERROR] InnoDB: Table phpmyadmin/pma__history in the InnoDB data dictionary has tablespace id 13, but tablespace with that id or name does not exist. Have you deleted or moved .ibd files? This may also be a table created with CREATE TEMPORARY TABLE whose .ibd and .frm files MySQL automatically removed, but the table still exists in the InnoDB internal data dictionary.
InnoDB: Please refer to
InnoDB: http://dev.mysql.com/doc/refman/5.6/en/innodb-troubleshooting-datadict.html
InnoDB: for how to resolve the issue.
2016-03-17 11:28:27 10572 [ERROR] InnoDB: Table phpmyadmin/pma__navigationhiding in the InnoDB data dictionary has tablespace id 25, but tablespace with that id or name does not exist. Have you deleted or moved .ibd files? This may also be a table created with CREATE TEMPORARY TABLE whose .ibd and .frm files MySQL automatically removed, but the table still exists in the InnoDB internal data dictionary.
InnoDB: Please refer to
InnoDB: http://dev.mysql.com/doc/refman/5.6/en/innodb-troubleshooting-datadict.html
InnoDB: for how to resolve the issue.
2016-03-17 11:28:27 10572 [ERROR] InnoDB: Table phpmyadmin/pma__pdf_pages in the InnoDB data dictionary has tablespace id 14, but tablespace with that id or name does not exist. Have you deleted or moved .ibd files? This may also be a table created with CREATE TEMPORARY TABLE whose .ibd and .frm files MySQL automatically removed, but the table still exists in the InnoDB internal data dictionary.
InnoDB: Please refer to
InnoDB: http://dev.mysql.com/doc/refman/5.6/en/innodb-troubleshooting-datadict.html
InnoDB: for how to resolve the issue.
2016-03-17 11:28:27 10572 [ERROR] InnoDB: Table phpmyadmin/pma__recent in the InnoDB data dictionary has tablespace id 15, but tablespace with that id or name does not exist. Have you deleted or moved .ibd files? This may also be a table created with CREATE TEMPORARY TABLE whose .ibd and .frm files MySQL automatically removed, but the table still exists in the InnoDB internal data dictionary.
InnoDB: Please refer to
InnoDB: http://dev.mysql.com/doc/refman/5.6/en/innodb-troubleshooting-datadict.html
InnoDB: for how to resolve the issue.
2016-03-17 11:28:27 10572 [ERROR] InnoDB: Table phpmyadmin/pma__relation in the InnoDB data dictionary has tablespace id 18, but tablespace with that id or name does not exist. Have you deleted or moved .ibd files? This may also be a table created with CREATE TEMPORARY TABLE whose .ibd and .frm files MySQL automatically removed, but the table still exists in the InnoDB internal data dictionary.
InnoDB: Please refer to
InnoDB: http://dev.mysql.com/doc/refman/5.6/en/innodb-troubleshooting-datadict.html
InnoDB: for how to resolve the issue.
2016-03-17 11:28:27 10572 [ERROR] InnoDB: Table phpmyadmin/pma__savedsearches in the InnoDB data dictionary has tablespace id 26, but tablespace with that id or name does not exist. Have you deleted or moved .ibd files? This may also be a table created with CREATE TEMPORARY TABLE whose .ibd and .frm files MySQL automatically removed, but the table still exists in the InnoDB internal data dictionary.
InnoDB: Please refer to
InnoDB: http://dev.mysql.com/doc/refman/5.6/en/innodb-troubleshooting-datadict.html
InnoDB: for how to resolve the issue.
2016-03-17 11:28:27 10572 [ERROR] InnoDB: Table phpmyadmin/pma__table_coords in the InnoDB data dictionary has tablespace id 19, but tablespace with that id or name does not exist. Have you deleted or moved .ibd files? This may also be a table created with CREATE TEMPORARY TABLE whose .ibd and .frm files MySQL automatically removed, but the table still exists in the InnoDB internal data dictionary.
InnoDB: Please refer to
InnoDB: http://dev.mysql.com/doc/refman/5.6/en/innodb-troubleshooting-datadict.html
InnoDB: for how to resolve the issue.
2016-03-17 11:28:27 10572 [ERROR] InnoDB: Table phpmyadmin/pma__table_info in the InnoDB data dictionary has tablespace id 20, but tablespace with that id or name does not exist. Have you deleted or moved .ibd files? This may also be a table created with CREATE TEMPORARY TABLE whose .ibd and .frm files MySQL automatically removed, but the table still exists in the InnoDB internal data dictionary.
InnoDB: Please refer to
InnoDB: http://dev.mysql.com/doc/refman/5.6/en/innodb-troubleshooting-datadict.html
InnoDB: for how to resolve the issue.
2016-03-17 11:28:27 10572 [ERROR] InnoDB: Table phpmyadmin/pma__table_uiprefs in the InnoDB data dictionary has tablespace id 17, but tablespace with that id or name does not exist. Have you deleted or moved .ibd files? This may also be a table created with CREATE TEMPORARY TABLE whose .ibd and .frm files MySQL automatically removed, but the table still exists in the InnoDB internal data dictionary.
InnoDB: Please refer to
InnoDB: http://dev.mysql.com/doc/refman/5.6/en/innodb-troubleshooting-datadict.html
InnoDB: for how to resolve the issue.
2016-03-17 11:28:27 10572 [ERROR] InnoDB: Table phpmyadmin/pma__tracking in the InnoDB data dictionary has tablespace id 21, but tablespace with that id or name does not exist. Have you deleted or moved .ibd files? This may also be a table created with CREATE TEMPORARY TABLE whose .ibd and .frm files MySQL automatically removed, but the table still exists in the InnoDB internal data dictionary.
InnoDB: Please refer to
InnoDB: http://dev.mysql.com/doc/refman/5.6/en/innodb-troubleshooting-datadict.html
InnoDB: for how to resolve the issue.
2016-03-17 11:28:27 10572 [ERROR] InnoDB: Table phpmyadmin/pma__userconfig in the InnoDB data dictionary has tablespace id 22, but tablespace with that id or name does not exist. Have you deleted or moved .ibd files? This may also be a table created with CREATE TEMPORARY TABLE whose .ibd and .frm files MySQL automatically removed, but the table still exists in the InnoDB internal data dictionary.
InnoDB: Please refer to
InnoDB: http://dev.mysql.com/doc/refman/5.6/en/innodb-troubleshooting-datadict.html
InnoDB: for how to resolve the issue.
2016-03-17 11:28:27 10572 [ERROR] InnoDB: Table phpmyadmin/pma__usergroups in the InnoDB data dictionary has tablespace id 24, but tablespace with that id or name does not exist. Have you deleted or moved .ibd files? This may also be a table created with CREATE TEMPORARY TABLE whose .ibd and .frm files MySQL automatically removed, but the table still exists in the InnoDB internal data dictionary.
InnoDB: Please refer to
InnoDB: http://dev.mysql.com/doc/refman/5.6/en/innodb-troubleshooting-datadict.html
InnoDB: for how to resolve the issue.
2016-03-17 11:28:27 10572 [ERROR] InnoDB: Table phpmyadmin/pma__users in the InnoDB data dictionary has tablespace id 23, but tablespace with that id or name does not exist. Have you deleted or moved .ibd files? This may also be a table created with CREATE TEMPORARY TABLE whose .ibd and .frm files MySQL automatically removed, but the table still exists in the InnoDB internal data dictionary.
InnoDB: Please refer to
InnoDB: http://dev.mysql.com/doc/refman/5.6/en/innodb-troubleshooting-datadict.html
InnoDB: for how to resolve the issue.
2016-03-17 11:28:27 10572 [Note] InnoDB: 128 rollback segment(s) are active.
2016-03-17 11:28:27 10572 [Note] InnoDB: Waiting for purge to start
2016-03-17 11:28:27 2600 [ERROR] InnoDB: Failed to find tablespace for table '"mysql"."innodb_index_stats"' in the cache. Attempting to load the tablespace with space id 2.
2016-03-17 11:28:27 a28  InnoDB: Operating system error number 3 in a file operation.
InnoDB: The error means the system cannot find the path specified.
2016-03-17 11:28:27 2600 [ERROR] InnoDB: Could not find a valid tablespace file for 'mysql/innodb_index_stats'. See http://dev.mysql.com/doc/refman/5.6/en/innodb-troubleshooting-datadict.html for how to resolve the issue.
2016-03-17 11:28:27 2600 [ERROR] InnoDB: Failed to find tablespace for table '"mysql"."innodb_table_stats"' in the cache. Attempting to load the tablespace with space id 1.
2016-03-17 11:28:27 a28  InnoDB: Operating system error number 3 in a file operation.
InnoDB: The error means the system cannot find the path specified.
2016-03-17 11:28:27 2600 [ERROR] InnoDB: Could not find a valid tablespace file for 'mysql/innodb_table_stats'. See http://dev.mysql.com/doc/refman/5.6/en/innodb-troubleshooting-datadict.html for how to resolve the issue.
2016-03-17 11:28:27 2600 [ERROR] InnoDB: Failed to find tablespace for table '"linksdb"."the_links"' in the cache. Attempting to load the tablespace with space id 35.
2016-03-17 11:28:27 a28  InnoDB: Operating system error number 2 in a file operation.
InnoDB: Some operating system error numbers are described at
InnoDB: http://dev.mysql.com/doc/refman/5.6/en/operating-system-error-codes.html
2016-03-17 11:28:27 2600 [ERROR] InnoDB: Could not find a valid tablespace file for 'linksdb/the_links'. See http://dev.mysql.com/doc/refman/5.6/en/innodb-troubleshooting-datadict.html for how to resolve the issue.
2016-03-17 11:28:27 10572 [Note] InnoDB:  Percona XtraDB (http://www.percona.com) 5.6.26-76.0 started; log sequence number 1949716
2016-03-17 11:28:27 260 [Note] InnoDB: Dumping buffer pool(s) not yet started
2016-03-17 11:28:27 10572 [Note] Plugin 'FEEDBACK' is disabled.
2016-03-17 11:28:27 10572 [ERROR] Could not open mysql.plugin table. Some plugins may be not loaded
2016-03-17 11:28:27 10572 [ERROR] Can't open and lock privilege tables: Table 'mysql.servers' doesn't exist
2016-03-17 11:28:27 10572 [Note] Server socket created on IP: '::'.
2016-03-17 11:28:27 10572 [ERROR] Fatal error: Can't open and lock privilege tables: Table 'mysql.user' doesn't exist
2016-03-17 11:28:57 35fc InnoDB: Warning: Using innodb_additional_mem_pool_size is DEPRECATED. This option may be removed in future releases, together with the option innodb_use_sys_malloc and with the InnoDB's internal memory allocator.
2016-03-17 11:28:57 13820 [Note] InnoDB: Using mutexes to ref count buffer pool pages
2016-03-17 11:28:57 13820 [Note] InnoDB: The InnoDB memory heap is disabled
2016-03-17 11:28:57 13820 [Note] InnoDB: Mutexes and rw_locks use Windows interlocked functions
2016-03-17 11:28:57 13820 [Note] InnoDB: Memory barrier is not used
2016-03-17 11:28:57 13820 [Note] InnoDB: Compressed tables use zlib 1.2.3
2016-03-17 11:28:57 13820 [Note] InnoDB: Using generic crc32 instructions
2016-03-17 11:28:57 13820 [Note] InnoDB: Initializing buffer pool, size = 16.0M
2016-03-17 11:28:57 13820 [Note] InnoDB: Completed initialization of buffer pool
2016-03-17 11:28:57 13820 [Note] InnoDB: Highest supported file format is Barracuda.
2016-03-17 11:28:57 13820 [Note] InnoDB: The log sequence numbers 1949690 and 1949690 in ibdata files do not match the log sequence number 1949726 in the ib_logfiles!
2016-03-17 11:28:57 13820 [Note] InnoDB: Database was not shutdown normally!
2016-03-17 11:28:57 13820 [Note] InnoDB: Starting crash recovery.
2016-03-17 11:28:57 13820 [Note] InnoDB: Reading tablespace information from the .ibd files...
2016-03-17 11:28:57 13820 [Note] InnoDB: Restoring possible half-written data pages 
2016-03-17 11:28:57 13820 [Note] InnoDB: from the doublewrite buffer...
2016-03-17 11:28:57 13820 [ERROR] InnoDB: Table linksdb/the_links in the InnoDB data dictionary has tablespace id 35, but tablespace with that id or name does not exist. Have you deleted or moved .ibd files? This may also be a table created with CREATE TEMPORARY TABLE whose .ibd and .frm files MySQL automatically removed, but the table still exists in the InnoDB internal data dictionary.
InnoDB: Please refer to
InnoDB: http://dev.mysql.com/doc/refman/5.6/en/innodb-troubleshooting-datadict.html
InnoDB: for how to resolve the issue.
2016-03-17 11:28:57 13820 [ERROR] InnoDB: Table mysql/gtid_slave_pos in the InnoDB data dictionary has tablespace id 10, but tablespace with that id or name does not exist. Have you deleted or moved .ibd files? This may also be a table created with CREATE TEMPORARY TABLE whose .ibd and .frm files MySQL automatically removed, but the table still exists in the InnoDB internal data dictionary.
InnoDB: Please refer to
InnoDB: http://dev.mysql.com/doc/refman/5.6/en/innodb-troubleshooting-datadict.html
InnoDB: for how to resolve the issue.
2016-03-17 11:28:57 13820 [ERROR] InnoDB: Table mysql/innodb_index_stats in the InnoDB data dictionary has tablespace id 2, but tablespace with that id or name does not exist. Have you deleted or moved .ibd files? This may also be a table created with CREATE TEMPORARY TABLE whose .ibd and .frm files MySQL automatically removed, but the table still exists in the InnoDB internal data dictionary.
InnoDB: Please refer to
InnoDB: http://dev.mysql.com/doc/refman/5.6/en/innodb-troubleshooting-datadict.html
InnoDB: for how to resolve the issue.
2016-03-17 11:28:57 13820 [ERROR] InnoDB: Table mysql/innodb_table_stats in the InnoDB data dictionary has tablespace id 1, but tablespace with that id or name does not exist. Have you deleted or moved .ibd files? This may also be a table created with CREATE TEMPORARY TABLE whose .ibd and .frm files MySQL automatically removed, but the table still exists in the InnoDB internal data dictionary.
InnoDB: Please refer to
InnoDB: http://dev.mysql.com/doc/refman/5.6/en/innodb-troubleshooting-datadict.html
InnoDB: for how to resolve the issue.
2016-03-17 11:28:57 13820 [ERROR] InnoDB: Table mysql/slave_master_info in the InnoDB data dictionary has tablespace id 4, but tablespace with that id or name does not exist. Have you deleted or moved .ibd files? This may also be a table created with CREATE TEMPORARY TABLE whose .ibd and .frm files MySQL automatically removed, but the table still exists in the InnoDB internal data dictionary.
InnoDB: Please refer to
InnoDB: http://dev.mysql.com/doc/refman/5.6/en/innodb-troubleshooting-datadict.html
InnoDB: for how to resolve the issue.
2016-03-17 11:28:57 13820 [ERROR] InnoDB: Table mysql/slave_relay_log_info in the InnoDB data dictionary has tablespace id 3, but tablespace with that id or name does not exist. Have you deleted or moved .ibd files? This may also be a table created with CREATE TEMPORARY TABLE whose .ibd and .frm files MySQL automatically removed, but the table still exists in the InnoDB internal data dictionary.
InnoDB: Please refer to
InnoDB: http://dev.mysql.com/doc/refman/5.6/en/innodb-troubleshooting-datadict.html
InnoDB: for how to resolve the issue.
2016-03-17 11:28:57 13820 [ERROR] InnoDB: Table mysql/slave_worker_info in the InnoDB data dictionary has tablespace id 5, but tablespace with that id or name does not exist. Have you deleted or moved .ibd files? This may also be a table created with CREATE TEMPORARY TABLE whose .ibd and .frm files MySQL automatically removed, but the table still exists in the InnoDB internal data dictionary.
InnoDB: Please refer to
InnoDB: http://dev.mysql.com/doc/refman/5.6/en/innodb-troubleshooting-datadict.html
InnoDB: for how to resolve the issue.
2016-03-17 11:28:57 13820 [ERROR] InnoDB: Table phpmyadmin/pma__bookmark in the InnoDB data dictionary has tablespace id 11, but tablespace with that id or name does not exist. Have you deleted or moved .ibd files? This may also be a table created with CREATE TEMPORARY TABLE whose .ibd and .frm files MySQL automatically removed, but the table still exists in the InnoDB internal data dictionary.
InnoDB: Please refer to
InnoDB: http://dev.mysql.com/doc/refman/5.6/en/innodb-troubleshooting-datadict.html
InnoDB: for how to resolve the issue.
2016-03-17 11:28:57 13820 [ERROR] InnoDB: Table phpmyadmin/pma__central_columns in the InnoDB data dictionary has tablespace id 27, but tablespace with that id or name does not exist. Have you deleted or moved .ibd files? This may also be a table created with CREATE TEMPORARY TABLE whose .ibd and .frm files MySQL automatically removed, but the table still exists in the InnoDB internal data dictionary.
InnoDB: Please refer to
InnoDB: http://dev.mysql.com/doc/refman/5.6/en/innodb-troubleshooting-datadict.html
InnoDB: for how to resolve the issue.
2016-03-17 11:28:57 13820 [ERROR] InnoDB: Table phpmyadmin/pma__column_info in the InnoDB data dictionary has tablespace id 12, but tablespace with that id or name does not exist. Have you deleted or moved .ibd files? This may also be a table created with CREATE TEMPORARY TABLE whose .ibd and .frm files MySQL automatically removed, but the table still exists in the InnoDB internal data dictionary.
InnoDB: Please refer to
InnoDB: http://dev.mysql.com/doc/refman/5.6/en/innodb-troubleshooting-datadict.html
InnoDB: for how to resolve the issue.
2016-03-17 11:28:57 13820 [ERROR] InnoDB: Table phpmyadmin/pma__designer_settings in the InnoDB data dictionary has tablespace id 28, but tablespace with that id or name does not exist. Have you deleted or moved .ibd files? This may also be a table created with CREATE TEMPORARY TABLE whose .ibd and .frm files MySQL automatically removed, but the table still exists in the InnoDB internal data dictionary.
InnoDB: Please refer to
InnoDB: http://dev.mysql.com/doc/refman/5.6/en/innodb-troubleshooting-datadict.html
InnoDB: for how to resolve the issue.
2016-03-17 11:28:57 13820 [ERROR] InnoDB: Table phpmyadmin/pma__export_templates in the InnoDB data dictionary has tablespace id 29, but tablespace with that id or name does not exist. Have you deleted or moved .ibd files? This may also be a table created with CREATE TEMPORARY TABLE whose .ibd and .frm files MySQL automatically removed, but the table still exists in the InnoDB internal data dictionary.
InnoDB: Please refer to
InnoDB: http://dev.mysql.com/doc/refman/5.6/en/innodb-troubleshooting-datadict.html
InnoDB: for how to resolve the issue.
2016-03-17 11:28:57 13820 [ERROR] InnoDB: Table phpmyadmin/pma__favorite in the InnoDB data dictionary has tablespace id 16, but tablespace with that id or name does not exist. Have you deleted or moved .ibd files? This may also be a table created with CREATE TEMPORARY TABLE whose .ibd and .frm files MySQL automatically removed, but the table still exists in the InnoDB internal data dictionary.
InnoDB: Please refer to
InnoDB: http://dev.mysql.com/doc/refman/5.6/en/innodb-troubleshooting-datadict.html
InnoDB: for how to resolve the issue.
2016-03-17 11:28:57 13820 [ERROR] InnoDB: Table phpmyadmin/pma__history in the InnoDB data dictionary has tablespace id 13, but tablespace with that id or name does not exist. Have you deleted or moved .ibd files? This may also be a table created with CREATE TEMPORARY TABLE whose .ibd and .frm files MySQL automatically removed, but the table still exists in the InnoDB internal data dictionary.
InnoDB: Please refer to
InnoDB: http://dev.mysql.com/doc/refman/5.6/en/innodb-troubleshooting-datadict.html
InnoDB: for how to resolve the issue.
2016-03-17 11:28:58 13820 [ERROR] InnoDB: Table phpmyadmin/pma__navigationhiding in the InnoDB data dictionary has tablespace id 25, but tablespace with that id or name does not exist. Have you deleted or moved .ibd files? This may also be a table created with CREATE TEMPORARY TABLE whose .ibd and .frm files MySQL automatically removed, but the table still exists in the InnoDB internal data dictionary.
InnoDB: Please refer to
InnoDB: http://dev.mysql.com/doc/refman/5.6/en/innodb-troubleshooting-datadict.html
InnoDB: for how to resolve the issue.
2016-03-17 11:28:58 13820 [ERROR] InnoDB: Table phpmyadmin/pma__pdf_pages in the InnoDB data dictionary has tablespace id 14, but tablespace with that id or name does not exist. Have you deleted or moved .ibd files? This may also be a table created with CREATE TEMPORARY TABLE whose .ibd and .frm files MySQL automatically removed, but the table still exists in the InnoDB internal data dictionary.
InnoDB: Please refer to
InnoDB: http://dev.mysql.com/doc/refman/5.6/en/innodb-troubleshooting-datadict.html
InnoDB: for how to resolve the issue.
2016-03-17 11:28:58 13820 [ERROR] InnoDB: Table phpmyadmin/pma__recent in the InnoDB data dictionary has tablespace id 15, but tablespace with that id or name does not exist. Have you deleted or moved .ibd files? This may also be a table created with CREATE TEMPORARY TABLE whose .ibd and .frm files MySQL automatically removed, but the table still exists in the InnoDB internal data dictionary.
InnoDB: Please refer to
InnoDB: http://dev.mysql.com/doc/refman/5.6/en/innodb-troubleshooting-datadict.html
InnoDB: for how to resolve the issue.
2016-03-17 11:28:58 13820 [ERROR] InnoDB: Table phpmyadmin/pma__relation in the InnoDB data dictionary has tablespace id 18, but tablespace with that id or name does not exist. Have you deleted or moved .ibd files? This may also be a table created with CREATE TEMPORARY TABLE whose .ibd and .frm files MySQL automatically removed, but the table still exists in the InnoDB internal data dictionary.
InnoDB: Please refer to
InnoDB: http://dev.mysql.com/doc/refman/5.6/en/innodb-troubleshooting-datadict.html
InnoDB: for how to resolve the issue.
2016-03-17 11:28:58 13820 [ERROR] InnoDB: Table phpmyadmin/pma__savedsearches in the InnoDB data dictionary has tablespace id 26, but tablespace with that id or name does not exist. Have you deleted or moved .ibd files? This may also be a table created with CREATE TEMPORARY TABLE whose .ibd and .frm files MySQL automatically removed, but the table still exists in the InnoDB internal data dictionary.
InnoDB: Please refer to
InnoDB: http://dev.mysql.com/doc/refman/5.6/en/innodb-troubleshooting-datadict.html
InnoDB: for how to resolve the issue.
2016-03-17 11:28:58 13820 [ERROR] InnoDB: Table phpmyadmin/pma__table_coords in the InnoDB data dictionary has tablespace id 19, but tablespace with that id or name does not exist. Have you deleted or moved .ibd files? This may also be a table created with CREATE TEMPORARY TABLE whose .ibd and .frm files MySQL automatically removed, but the table still exists in the InnoDB internal data dictionary.
InnoDB: Please refer to
InnoDB: http://dev.mysql.com/doc/refman/5.6/en/innodb-troubleshooting-datadict.html
InnoDB: for how to resolve the issue.
2016-03-17 11:28:58 13820 [ERROR] InnoDB: Table phpmyadmin/pma__table_info in the InnoDB data dictionary has tablespace id 20, but tablespace with that id or name does not exist. Have you deleted or moved .ibd files? This may also be a table created with CREATE TEMPORARY TABLE whose .ibd and .frm files MySQL automatically removed, but the table still exists in the InnoDB internal data dictionary.
InnoDB: Please refer to
InnoDB: http://dev.mysql.com/doc/refman/5.6/en/innodb-troubleshooting-datadict.html
InnoDB: for how to resolve the issue.
2016-03-17 11:28:58 13820 [ERROR] InnoDB: Table phpmyadmin/pma__table_uiprefs in the InnoDB data dictionary has tablespace id 17, but tablespace with that id or name does not exist. Have you deleted or moved .ibd files? This may also be a table created with CREATE TEMPORARY TABLE whose .ibd and .frm files MySQL automatically removed, but the table still exists in the InnoDB internal data dictionary.
InnoDB: Please refer to
InnoDB: http://dev.mysql.com/doc/refman/5.6/en/innodb-troubleshooting-datadict.html
InnoDB: for how to resolve the issue.
2016-03-17 11:28:58 13820 [ERROR] InnoDB: Table phpmyadmin/pma__tracking in the InnoDB data dictionary has tablespace id 21, but tablespace with that id or name does not exist. Have you deleted or moved .ibd files? This may also be a table created with CREATE TEMPORARY TABLE whose .ibd and .frm files MySQL automatically removed, but the table still exists in the InnoDB internal data dictionary.
InnoDB: Please refer to
InnoDB: http://dev.mysql.com/doc/refman/5.6/en/innodb-troubleshooting-datadict.html
InnoDB: for how to resolve the issue.
2016-03-17 11:28:58 13820 [ERROR] InnoDB: Table phpmyadmin/pma__userconfig in the InnoDB data dictionary has tablespace id 22, but tablespace with that id or name does not exist. Have you deleted or moved .ibd files? This may also be a table created with CREATE TEMPORARY TABLE whose .ibd and .frm files MySQL automatically removed, but the table still exists in the InnoDB internal data dictionary.
InnoDB: Please refer to
InnoDB: http://dev.mysql.com/doc/refman/5.6/en/innodb-troubleshooting-datadict.html
InnoDB: for how to resolve the issue.
2016-03-17 11:28:58 13820 [ERROR] InnoDB: Table phpmyadmin/pma__usergroups in the InnoDB data dictionary has tablespace id 24, but tablespace with that id or name does not exist. Have you deleted or moved .ibd files? This may also be a table created with CREATE TEMPORARY TABLE whose .ibd and .frm files MySQL automatically removed, but the table still exists in the InnoDB internal data dictionary.
InnoDB: Please refer to
InnoDB: http://dev.mysql.com/doc/refman/5.6/en/innodb-troubleshooting-datadict.html
InnoDB: for how to resolve the issue.
2016-03-17 11:28:58 13820 [ERROR] InnoDB: Table phpmyadmin/pma__users in the InnoDB data dictionary has tablespace id 23, but tablespace with that id or name does not exist. Have you deleted or moved .ibd files? This may also be a table created with CREATE TEMPORARY TABLE whose .ibd and .frm files MySQL automatically removed, but the table still exists in the InnoDB internal data dictionary.
InnoDB: Please refer to
InnoDB: http://dev.mysql.com/doc/refman/5.6/en/innodb-troubleshooting-datadict.html
InnoDB: for how to resolve the issue.
2016-03-17 11:28:58 13820 [Note] InnoDB: 128 rollback segment(s) are active.
2016-03-17 11:28:58 13820 [Note] InnoDB: Waiting for purge to start
2016-03-17 11:28:58 8744 [ERROR] InnoDB: Failed to find tablespace for table '"mysql"."innodb_index_stats"' in the cache. Attempting to load the tablespace with space id 2.
2016-03-17 11:28:58 2228  InnoDB: Operating system error number 3 in a file operation.
InnoDB: The error means the system cannot find the path specified.
2016-03-17 11:28:58 8744 [ERROR] InnoDB: Could not find a valid tablespace file for 'mysql/innodb_index_stats'. See http://dev.mysql.com/doc/refman/5.6/en/innodb-troubleshooting-datadict.html for how to resolve the issue.
2016-03-17 11:28:58 8744 [ERROR] InnoDB: Failed to find tablespace for table '"mysql"."innodb_table_stats"' in the cache. Attempting to load the tablespace with space id 1.
2016-03-17 11:28:58 2228  InnoDB: Operating system error number 3 in a file operation.
InnoDB: The error means the system cannot find the path specified.
2016-03-17 11:28:58 8744 [ERROR] InnoDB: Could not find a valid tablespace file for 'mysql/innodb_table_stats'. See http://dev.mysql.com/doc/refman/5.6/en/innodb-troubleshooting-datadict.html for how to resolve the issue.
2016-03-17 11:28:58 8744 [ERROR] InnoDB: Failed to find tablespace for table '"linksdb"."the_links"' in the cache. Attempting to load the tablespace with space id 35.
2016-03-17 11:28:58 2228  InnoDB: Operating system error number 2 in a file operation.
InnoDB: Some operating system error numbers are described at
InnoDB: http://dev.mysql.com/doc/refman/5.6/en/operating-system-error-codes.html
2016-03-17 11:28:58 8744 [ERROR] InnoDB: Could not find a valid tablespace file for 'linksdb/the_links'. See http://dev.mysql.com/doc/refman/5.6/en/innodb-troubleshooting-datadict.html for how to resolve the issue.
2016-03-17 11:28:58 13820 [Note] InnoDB:  Percona XtraDB (http://www.percona.com) 5.6.26-76.0 started; log sequence number 1949726
2016-03-17 11:28:58 10316 [Note] InnoDB: Dumping buffer pool(s) not yet started
2016-03-17 11:28:58 13820 [Note] Plugin 'FEEDBACK' is disabled.
2016-03-17 11:28:58 13820 [ERROR] Could not open mysql.plugin table. Some plugins may be not loaded
2016-03-17 11:28:58 13820 [ERROR] Can't open and lock privilege tables: Table 'mysql.servers' doesn't exist
2016-03-17 11:28:58 13820 [Note] Server socket created on IP: '::'.
2016-03-17 11:28:58 13820 [ERROR] Fatal error: Can't open and lock privilege tables: Table 'mysql.user' doesn't exist
